<?xml version="1.0" encoding="UTF-8"?>
<!-- Generated by org.testng.reporters.JUnitReportReporter -->
<testsuite hostname="DESKTOP-95QGOG2" failures="0" tests="2" name="com.testvagrant.unittest.UnitTest" time="45.662" errors="0" timestamp="31 Mar 2020 13:53:59 GMT" skipped="1">
  <testcase classname="com.testvagrant.unittest.UnitTest" name="runPrototypeTwo" time="45.662"/>
  <testcase classname="com.testvagrant.unittest.UnitTest" name="runPrototypeOne">
    <skipped/>
  </testcase> <!-- runPrototypeOne -->
</testsuite> <!-- com.testvagrant.unittest.UnitTest -->
